<?xml version="1.0" encoding="UTF-8"?>
<!-- Generated by org.testng.reporters.JUnitReportReporter -->
<testsuite hostname="Ankur" name="com.religare.testscripts.ClassDemoTest" tests="1" failures="0" timestamp="30 Mar 2018 06:23:25 GMT" time="40.783" errors="0">
  <testcase name="test" time="40.783" classname="com.religare.testscripts.ClassDemoTest"/>
</testsuite> <!-- com.religare.testscripts.ClassDemoTest -->
