<?xml version="1.0" encoding="UTF-8"?>
<!-- Generated by org.testng.reporters.JUnitReportReporter -->
<testsuite hostname="RHILD858309476" name="com.religare.testscripts.PressReleasePageTest" tests="1" failures="0" timestamp="7 May 2018 12:46:16 GMT" time="38.864" errors="0">
  <testcase name="mediaCoverageTestPdf" time="38.864" classname="com.religare.testscripts.PressReleasePageTest"/>
</testsuite> <!-- com.religare.testscripts.PressReleasePageTest -->
