<?xml version="1.0" encoding="UTF-8"?>
<!-- Generated by org.testng.reporters.JUnitReportReporter -->
<testsuite hostname="RHILD858309476" name="com.religare.testscripts.OtherDiscMisc" tests="1" failures="0" timestamp="8 May 2018 04:42:57 GMT" time="139.790" errors="0">
  <testcase name="otherDiscMiscTest" time="139.790" classname="com.religare.testscripts.OtherDiscMisc"/>
</testsuite> <!-- com.religare.testscripts.OtherDiscMisc -->
