<?xml version="1.0" encoding="UTF-8"?>
<!-- Generated by org.testng.reporters.JUnitReportReporter -->
<testsuite hostname="RHILD858309476" name="com.religare.testscripts.EnhanceTest" tests="3" failures="0" timestamp="11 May 2018 08:30:01 GMT" time="186.334" errors="0">
  <testcase name="medHist" time="104.459" classname="com.religare.testscripts.EnhanceTest"/>
  <testcase name="clickOnEnhance" time="24.188" classname="com.religare.testscripts.EnhanceTest"/>
  <testcase name="fillEnhanceDetails" time="57.687" classname="com.religare.testscripts.EnhanceTest"/>
</testsuite> <!-- com.religare.testscripts.EnhanceTest -->
