<?xml version="1.0" encoding="UTF-8"?>
<!-- Generated by org.testng.reporters.JUnitReportReporter -->
<testsuite hostname="RHILD858309476" name="com.religare.testscripts.JoyTest" tests="1" failures="0" timestamp="11 May 2018 09:12:06 GMT" time="220.440" errors="0">
  <testcase name="moveToJoy" time="220.440" classname="com.religare.testscripts.JoyTest"/>
</testsuite> <!-- com.religare.testscripts.JoyTest -->
