<?xml version="1.0" encoding="UTF-8"?>
<!-- Generated by org.testng.reporters.JUnitReportReporter -->
<testsuite hostname="RHILD858309476" name="com.religare.testscripts.SecureTest" tests="2" failures="0" timestamp="11 May 2018 09:27:14 GMT" time="234.395" errors="0">
  <testcase name="moveToSecureTest" time="32.602" classname="com.religare.testscripts.SecureTest"/>
  <testcase name="secureTest" time="201.793" classname="com.religare.testscripts.SecureTest"/>
</testsuite> <!-- com.religare.testscripts.SecureTest -->
