<?xml version="1.0" encoding="UTF-8"?>
<!-- Generated by org.testng.reporters.JUnitReportReporter -->
<testsuite hostname="RHILD858309476" name="com.religare.testscripts.AssureTest" tests="2" failures="0" timestamp="11 May 2018 08:15:22 GMT" time="217.337" errors="0">
  <testcase name="proposerDetailAndInsuredDetailsAssureTest" time="180.178" classname="com.religare.testscripts.AssureTest"/>
  <testcase name="moveToassureTest" time="37.159" classname="com.religare.testscripts.AssureTest"/>
</testsuite> <!-- com.religare.testscripts.AssureTest -->
