<?xml version="1.0" encoding="UTF-8"?>
<!-- Generated by org.testng.reporters.JUnitReportReporter -->
<testsuite hostname="Ankur" name="com.religare.testscripts.Test" tests="1" failures="0" timestamp="20 Mar 2018 11:26:21 GMT" time="32.239" errors="0">
  <testcase name="launchDisclosurePage" time="32.239" classname="com.religare.testscripts.Test"/>
</testsuite> <!-- com.religare.testscripts.Test -->
