<?xml version="1.0" encoding="UTF-8"?>
<!-- Generated by org.testng.reporters.JUnitReportReporter -->
<testsuite hostname="RHILD858309476" name="com.religare.testscripts.CareTest" tests="4" failures="0" timestamp="11 May 2018 08:25:28 GMT" time="258.976" errors="0">
  <testcase name="clickOnCare" time="23.375" classname="com.religare.testscripts.CareTest"/>
  <testcase name="fillInsurance" time="71.487" classname="com.religare.testscripts.CareTest"/>
  <testcase name="fillProposalAndInsuredDetailsExploreTest" time="45.367" classname="com.religare.testscripts.CareTest"/>
  <testcase name="medHist" time="118.747" classname="com.religare.testscripts.CareTest"/>
</testsuite> <!-- com.religare.testscripts.CareTest -->
