<?xml version="1.0" encoding="UTF-8"?>
<!-- Generated by org.testng.reporters.JUnitReportReporter -->
<testsuite hostname="RHILD858309476" name="com.religare.testscripts.LinkTest" tests="1" failures="0" timestamp="9 May 2018 11:03:54 GMT" time="77.915" errors="0">
  <testcase name="liNkTest" time="77.915" classname="com.religare.testscripts.LinkTest"/>
</testsuite> <!-- com.religare.testscripts.LinkTest -->
