<?xml version="1.0" encoding="UTF-8"?>
<!-- Generated by org.testng.reporters.JUnitReportReporter -->
<testsuite hostname="RHILD858309476" name="com.religare.testscripts.CareFreedomTest" tests="2" failures="0" timestamp="11 May 2018 08:06:39 GMT" time="224.663" errors="0">
  <testcase name="paymentGateWayTest" time="45.339" classname="com.religare.testscripts.CareFreedomTest"/>
  <testcase name="moveToCareFreedomTest" time="179.324" classname="com.religare.testscripts.CareFreedomTest"/>
</testsuite> <!-- com.religare.testscripts.CareFreedomTest -->
