<?xml version="1.0" encoding="UTF-8"?>
<!-- Generated by org.testng.reporters.JUnitReportReporter -->
<testsuite hostname="Ankur" name="com.religare.testscripts.Class" tests="1" failures="0" timestamp="7 Apr 2018 06:21:33 GMT" time="2.684" errors="0">
  <testcase name="care" time="2.684" classname="com.religare.testscripts.Class"/>
</testsuite> <!-- com.religare.testscripts.Class -->
