<?xml version="1.0" encoding="UTF-8"?>
<!-- Generated by org.testng.reporters.JUnitReportReporter -->
<testsuite hostname="RHILD858309476" name="com.religare.testscripts.MediaCoveragePageTest" tests="1" failures="0" timestamp="10 May 2018 11:25:17 GMT" time="1420.597" errors="0">
  <testcase name="mediaCoverageTestPdf" time="1420.597" classname="com.religare.testscripts.MediaCoveragePageTest"/>
</testsuite> <!-- com.religare.testscripts.MediaCoveragePageTest -->
