<?xml version="1.0" encoding="UTF-8"?>
<!-- Generated by org.testng.reporters.JUnitReportReporter -->
<testsuite hostname="RHILD858309476" name="com.religare.testscripts.Fy1" tests="1" failures="0" timestamp="7 May 2018 13:55:10 GMT" time="1046.380" errors="0">
  <testcase name="disclosurePageQtr1_17_18Test" time="1046.380" classname="com.religare.testscripts.Fy1"/>
</testsuite> <!-- com.religare.testscripts.Fy1 -->
