<?xml version="1.0" encoding="UTF-8"?>
<!-- Generated by org.testng.reporters.JUnitReportReporter -->
<testsuite hostname="Ankur" name="com.religare.testscripts.DiscTest" tests="2" failures="0" timestamp="20 Mar 2018 09:51:05 GMT" time="318.283" errors="0">
  <testcase name="disclosurePageQtr1_17_18Test" time="197.480" classname="com.religare.testscripts.DiscTest"/>
  <testcase name="disclosurePageQtr3_17_18Test" time="120.803" classname="com.religare.testscripts.DiscTest"/>
</testsuite> <!-- com.religare.testscripts.DiscTest -->
