<?xml version="1.0" encoding="UTF-8"?>
<!-- Generated by org.testng.reporters.JUnitReportReporter -->
<testsuite hostname="Ankur" name="com.religare.testscripts.ClassAppiumTest" tests="3" failures="0" timestamp="2 Apr 2018 04:41:18 GMT" time="25.902" errors="0">
  <testcase name="setup" time="20.908" classname="com.religare.testscripts.ClassAppiumTest"/>
  <testcase name="skip" time="4.444" classname="com.religare.testscripts.ClassAppiumTest"/>
  <testcase name="tapAction" time="0.550" classname="com.religare.testscripts.ClassAppiumTest"/>
</testsuite> <!-- com.religare.testscripts.ClassAppiumTest -->
