<?xml version="1.0" encoding="UTF-8"?>
<!-- Generated by org.testng.reporters.JUnitReportReporter -->
<testsuite hostname="RHILD858309476" name="com.religare.testscripts.ExploreTest" tests="3" failures="0" timestamp="11 May 2018 09:07:18 GMT" time="269.598" errors="0">
  <testcase name="clickOnCareTest" time="28.886" classname="com.religare.testscripts.ExploreTest"/>
  <testcase name="proposerDetail" time="219.579" classname="com.religare.testscripts.ExploreTest"/>
  <testcase name="explorePageTestMultiTest" time="21.133" classname="com.religare.testscripts.ExploreTest"/>
</testsuite> <!-- com.religare.testscripts.ExploreTest -->
