<?xml version="1.0" encoding="UTF-8"?>
<!-- Generated by org.testng.reporters.JUnitReportReporter -->
<testsuite hostname="RHILD858309476" name="com.religare.testscripts.OtherDiscIndAgentPTest" tests="1" failures="0" timestamp="8 May 2018 04:39:47 GMT" time="71.584" errors="0">
  <testcase name="otherIndividualAgentsPublicDisclosureTest" time="71.584" classname="com.religare.testscripts.OtherDiscIndAgentPTest"/>
</testsuite> <!-- com.religare.testscripts.OtherDiscIndAgentPTest -->
