<?xml version="1.0" encoding="UTF-8"?>
<!-- Generated by org.testng.reporters.JUnitReportReporter -->
<testsuite hostname="RHILD858309476" name="com.religare.testscripts.OtherDiscWhistleTest" tests="1" failures="0" timestamp="10 May 2018 21:23:59 GMT" time="716.739" errors="0">
  <testcase name="otherDiscWhistleTest" time="716.739" classname="com.religare.testscripts.OtherDiscWhistleTest"/>
</testsuite> <!-- com.religare.testscripts.OtherDiscWhistleTest -->
