<?xml version="1.0" encoding="UTF-8"?>
<!-- Generated by org.testng.reporters.JUnitReportReporter -->
<testsuite hostname="RHILD858309476" name="com.religare.testscripts.OtherDiscTestTest" tests="1" failures="0" timestamp="10 May 2018 21:23:59 GMT" time="53.730" errors="0">
  <testcase name="otherDiscTestTest" time="53.730" classname="com.religare.testscripts.OtherDiscTestTest"/>
</testsuite> <!-- com.religare.testscripts.OtherDiscTestTest -->
