<?xml version="1.0" encoding="UTF-8"?>
<!-- Generated by org.testng.reporters.JUnitReportReporter -->
<testsuite hostname="RHILD858309476" name="com.religare.testscripts.PressReleasePageTest" tests="1" failures="0" timestamp="10 May 2018 21:23:59 GMT" time="37.959" errors="0">
  <testcase name="mediaCoverageTestPdf" time="37.959" classname="com.religare.testscripts.PressReleasePageTest"/>
</testsuite> <!-- com.religare.testscripts.PressReleasePageTest -->
