<?xml version="1.0" encoding="UTF-8"?>
<!-- Generated by org.testng.reporters.JUnitReportReporter -->
<testsuite hostname="RHILD858309476" name="com.religare.testscripts.OtherDiscNeoTest" tests="1" failures="0" timestamp="10 May 2018 21:23:59 GMT" time="52.330" errors="0">
  <testcase name="otherDiscNeoTest" time="52.330" classname="com.religare.testscripts.OtherDiscNeoTest"/>
</testsuite> <!-- com.religare.testscripts.OtherDiscNeoTest -->
