<?xml version="1.0" encoding="UTF-8"?>
<!-- Generated by org.testng.reporters.JUnitReportReporter -->
<testsuite hostname="RHILD858309476" name="com.religare.testscripts.OtherDiscMiscellaneous" tests="1" failures="0" timestamp="10 May 2018 21:23:59 GMT" time="794.559" errors="0">
  <testcase name="otherDiscMiscellaneousTest" time="794.559" classname="com.religare.testscripts.OtherDiscMiscellaneous"/>
</testsuite> <!-- com.religare.testscripts.OtherDiscMiscellaneous -->
