<?xml version="1.0" encoding="UTF-8"?>
<!-- Generated by org.testng.reporters.JUnitReportReporter -->
<testsuite hostname="RHILD858309476" name="com.religare.testscripts.OtherDiscMisc" tests="1" failures="0" timestamp="10 May 2018 21:23:59 GMT" time="143.308" errors="0">
  <testcase name="otherDiscMiscTest" time="143.308" classname="com.religare.testscripts.OtherDiscMisc"/>
</testsuite> <!-- com.religare.testscripts.OtherDiscMisc -->
