<?xml version="1.0" encoding="UTF-8"?>
<!-- Generated by org.testng.reporters.JUnitReportReporter -->
<testsuite hostname="RHILD858309476" name="com.religare.testscripts.Fy3" tests="4" failures="0" timestamp="10 May 2018 21:23:59 GMT" time="2138.600" errors="0">
  <testcase name="disclosurePageQtr3_15_16Test" time="533.792" classname="com.religare.testscripts.Fy3"/>
  <testcase name="disclosurePageQtr2_15_16Test" time="530.519" classname="com.religare.testscripts.Fy3"/>
  <testcase name="disclosurePageQtr1_15_16Test" time="533.898" classname="com.religare.testscripts.Fy3"/>
  <testcase name="disclosurePageQtr4_15_16Test" time="540.391" classname="com.religare.testscripts.Fy3"/>
</testsuite> <!-- com.religare.testscripts.Fy3 -->
