<?xml version="1.0" encoding="UTF-8"?>
<!-- Generated by org.testng.reporters.JUnitReportReporter -->
<testsuite hostname="RHILD858309476" name="com.religare.testscripts.Fy1" tests="4" failures="0" timestamp="10 May 2018 21:23:59 GMT" time="1630.680" errors="0">
  <testcase name="disclosurePageQtr2_17_18Test" time="39.822" classname="com.religare.testscripts.Fy1"/>
  <testcase name="disclosurePageQtr4_17_18Test" time="48.138" classname="com.religare.testscripts.Fy1"/>
  <testcase name="disclosurePageQtr1_17_18Test" time="1040.270" classname="com.religare.testscripts.Fy1"/>
  <testcase name="disclosurePageQtr3_17_18Test" time="502.450" classname="com.religare.testscripts.Fy1"/>
</testsuite> <!-- com.religare.testscripts.Fy1 -->
