<?xml version="1.0" encoding="UTF-8"?>
<!-- Generated by org.testng.reporters.JUnitReportReporter -->
<testsuite hostname="RHILD858309476" name="com.religare.testscripts.FY2" tests="4" failures="0" timestamp="10 May 2018 21:23:59 GMT" time="1641.653" errors="0">
  <testcase name="disclosurePageQtr2_16_17Test" time="503.687" classname="com.religare.testscripts.FY2"/>
  <testcase name="disclosurePageQtr1_16_17Test" time="53.369" classname="com.religare.testscripts.FY2"/>
  <testcase name="disclosurePageQtr3_16_17Test" time="541.964" classname="com.religare.testscripts.FY2"/>
  <testcase name="disclosurePageQtr4_16_17Test" time="542.633" classname="com.religare.testscripts.FY2"/>
</testsuite> <!-- com.religare.testscripts.FY2 -->
