<?xml version="1.0" encoding="UTF-8"?>
<!-- Generated by org.testng.reporters.JUnitReportReporter -->
<testsuite hostname="RHILD858309476" name="com.religare.testscripts.Fy4" tests="4" failures="0" timestamp="10 May 2018 21:23:59 GMT" time="2104.207" errors="0">
  <testcase name="disclosurePageQtr4_14_15Test" time="541.580" classname="com.religare.testscripts.Fy4"/>
  <testcase name="disclosurePageQtr3_14_15Test" time="516.299" classname="com.religare.testscripts.Fy4"/>
  <testcase name="disclosurePageQtr2_14_15Test" time="531.040" classname="com.religare.testscripts.Fy4"/>
  <testcase name="disclosurePageQtr1_14_15Test" time="515.288" classname="com.religare.testscripts.Fy4"/>
</testsuite> <!-- com.religare.testscripts.Fy4 -->
