<?xml version="1.0" encoding="UTF-8"?>
<!-- Generated by org.testng.reporters.JUnitReportReporter -->
<testsuite hostname="RHILD858309476" name="com.religare.testscripts.Fy5" tests="4" failures="0" timestamp="10 May 2018 21:23:59 GMT" time="2200.541" errors="0">
  <testcase name="disclosurePageQtr2_13_14Test" time="548.114" classname="com.religare.testscripts.Fy5"/>
  <testcase name="disclosurePageQtr4_13_14Test" time="545.710" classname="com.religare.testscripts.Fy5"/>
  <testcase name="disclosurePageQtr3_13_14Test" time="550.982" classname="com.religare.testscripts.Fy5"/>
  <testcase name="disclosurePageQtr1_13_14Test" time="555.735" classname="com.religare.testscripts.Fy5"/>
</testsuite> <!-- com.religare.testscripts.Fy5 -->
