<?xml version="1.0" encoding="UTF-8"?>
<!-- Generated by org.testng.reporters.JUnitReportReporter -->
<testsuite hostname="RHILD858309476" name="com.religare.testscripts.OtherDiscIndAgentPTest" tests="1" failures="0" timestamp="10 May 2018 21:23:59 GMT" time="70.918" errors="0">
  <testcase name="otherIndividualAgentsPublicDisclosureTest" time="70.918" classname="com.religare.testscripts.OtherDiscIndAgentPTest"/>
</testsuite> <!-- com.religare.testscripts.OtherDiscIndAgentPTest -->
