<?xml version="1.0" encoding="UTF-8"?>
<!-- Generated by org.testng.reporters.JUnitReportReporter -->
<testsuite hostname="RHILD858309476" name="com.religare.testscripts.OtherDiscMM" tests="1" failures="0" timestamp="10 May 2018 21:23:59 GMT" time="53.248" errors="0">
  <testcase name="otherDiscMMTest" time="53.248" classname="com.religare.testscripts.OtherDiscMM"/>
</testsuite> <!-- com.religare.testscripts.OtherDiscMM -->
