<?xml version="1.0" encoding="UTF-8"?>
<!-- Generated by org.testng.reporters.JUnitReportReporter -->
<testsuite hostname="RHILD858309476" name="com.religare.testscripts.MediaCoveragePageTest" tests="1" failures="0" timestamp="10 May 2018 21:23:59 GMT" time="39.164" errors="0">
  <testcase name="mediaCoverageTestPdf" time="39.164" classname="com.religare.testscripts.MediaCoveragePageTest"/>
</testsuite> <!-- com.religare.testscripts.MediaCoveragePageTest -->
