<?xml version="1.0" encoding="UTF-8"?>
<!-- Generated by org.testng.reporters.JUnitReportReporter -->
<testsuite hostname="RHILD858309476" name="com.religare.testscripts.Fy6" tests="4" failures="0" timestamp="10 May 2018 21:23:59 GMT" time="2148.210" errors="0">
  <testcase name="disclosurePageQtr2_12_13Test" time="547.898" classname="com.religare.testscripts.Fy6"/>
  <testcase name="disclosurePageQtr4_12_13Test" time="510.532" classname="com.religare.testscripts.Fy6"/>
  <testcase name="disclosurePageQtr1_12_13Test" time="545.530" classname="com.religare.testscripts.Fy6"/>
  <testcase name="disclosurePageQtr3_12_13Test" time="544.250" classname="com.religare.testscripts.Fy6"/>
</testsuite> <!-- com.religare.testscripts.Fy6 -->
